<?xml version="1.0" encoding="UTF-8"?>
<!-- Generated by org.testng.reporters.JUnitXMLReporter -->
<testsuite ignored="0" hostname="DESKTOP-OOHKJP3" failures="0" tests="8" name="Default test" time="0.095" errors="0" timestamp="2023-09-07T12:24:45 CDT">
  <testcase classname="Framework.setupFramework" name="@BeforeClass initializeFramework" time="-1.69410748567E9">
    <failure type="org.testng.TestNGException" message="
Parameter &amp;apos;browser&amp;apos; is required by BeforeClass on method initializeFramework but has not been marked @Optional or defined
in C:\Users\MaxRichard\AppData\Local\Temp\testng-eclipse--238868514\testng-customsuite.xml">
      <![CDATA[org.testng.TestNGException: 
Parameter 'browser' is required by BeforeClass on method initializeFramework but has not been marked @Optional or defined
in C:\Users\MaxRichard\AppData\Local\Temp\testng-eclipse--238868514\testng-customsuite.xml
at org.testng.internal.Parameters.createParams(Parameters.java:270)
at org.testng.internal.Parameters.createParametersForMethod(Parameters.java:358)
at org.testng.internal.Parameters.createParameters(Parameters.java:700)
at org.testng.internal.Parameters.createConfigurationParameters(Parameters.java:168)
at org.testng.internal.ConfigInvoker.invokeConfigurations(ConfigInvoker.java:302)
at org.testng.internal.TestMethodWorker.invokeBeforeClassMethods(TestMethodWorker.java:176)
at org.testng.internal.TestMethodWorker.run(TestMethodWorker.java:122)
at java.base/java.util.ArrayList.forEach(ArrayList.java:1511)
at org.testng.TestRunner.privateRun(TestRunner.java:794)
at org.testng.TestRunner.run(TestRunner.java:596)
at org.testng.SuiteRunner.runTest(SuiteRunner.java:377)
at org.testng.SuiteRunner.runSequentially(SuiteRunner.java:371)
at org.testng.SuiteRunner.privateRun(SuiteRunner.java:332)
at org.testng.SuiteRunner.run(SuiteRunner.java:276)
at org.testng.SuiteRunnerWorker.runSuite(SuiteRunnerWorker.java:53)
at org.testng.SuiteRunnerWorker.run(SuiteRunnerWorker.java:96)
at org.testng.TestNG.runSuitesSequentially(TestNG.java:1212)
at org.testng.TestNG.runSuitesLocally(TestNG.java:1134)
at org.testng.TestNG.runSuites(TestNG.java:1063)
at org.testng.TestNG.run(TestNG.java:1031)
at org.testng.remote.AbstractRemoteTestNG.run(AbstractRemoteTestNG.java:115)
at org.testng.remote.RemoteTestNG.initAndRun(RemoteTestNG.java:251)
at org.testng.remote.RemoteTestNG.main(RemoteTestNG.java:77)
]]>
    </failure>
  </testcase> <!-- @BeforeClass initializeFramework -->
  <testcase classname="Execution.userAccessGroupsTESTING" name="@BeforeClass setUp" time="-1.694107485681E9">
    <skipped/>
  </testcase> <!-- @BeforeClass setUp -->
  <testcase classname="Execution.userAccessGroupsTESTING" name="@BeforeMethod setUp" time="-1.694107485695E9">
    <skipped/>
  </testcase> <!-- @BeforeMethod setUp -->
  <testcase classname="Execution.userAccessGroupsTESTING" name="@BeforeMethod setUp" time="-1.694107485704E9">
    <skipped/>
  </testcase> <!-- @BeforeMethod setUp -->
  <testcase classname="Execution.userAccessGroupsTESTING" name="@BeforeMethod setUp" time="-1.694107485708E9">
    <skipped/>
  </testcase> <!-- @BeforeMethod setUp -->
  <testcase classname="Execution.userAccessGroupsTESTING" name="@BeforeMethod setUp" time="-1.694107485713E9">
    <skipped/>
  </testcase> <!-- @BeforeMethod setUp -->
  <testcase classname="Execution.userAccessGroupsTESTING" name="@BeforeMethod setUp" time="-1.69410748572E9">
    <skipped/>
  </testcase> <!-- @BeforeMethod setUp -->
  <testcase classname="Execution.userAccessGroupsTESTING" name="@BeforeMethod setUp" time="-1.694107485726E9">
    <skipped/>
  </testcase> <!-- @BeforeMethod setUp -->
  <testcase classname="Execution.userAccessGroupsTESTING" name="@BeforeMethod setUp" time="-1.694107485732E9">
    <skipped/>
  </testcase> <!-- @BeforeMethod setUp -->
  <testcase classname="Execution.userAccessGroupsTESTING" name="@BeforeMethod setUp" time="-1.694107485738E9">
    <skipped/>
  </testcase> <!-- @BeforeMethod setUp -->
  <testcase classname="Framework.setupFramework" name="@AfterClass closeDown" time="-1.694107485743E9">
    <skipped/>
  </testcase> <!-- @AfterClass closeDown -->
  <testcase classname="Execution.userAccessGroupsTESTING" name="testForCertPage" time="0.0">
    <skipped/>
  </testcase> <!-- testForCertPage -->
  <testcase classname="Execution.userAccessGroupsTESTING" name="getElementID" time="0.0">
    <skipped/>
  </testcase> <!-- getElementID -->
  <testcase classname="Execution.userAccessGroupsTESTING" name="createNexusDriver1" time="0.0">
    <skipped/>
  </testcase> <!-- createNexusDriver1 -->
  <testcase classname="Execution.userAccessGroupsTESTING" name="addUserInNexus" time="0.0">
    <skipped/>
  </testcase> <!-- addUserInNexus -->
  <testcase classname="Execution.userAccessGroupsTESTING" name="selectSearchEmployeesOnly" time="0.0">
    <skipped/>
  </testcase> <!-- selectSearchEmployeesOnly -->
  <testcase classname="Execution.userAccessGroupsTESTING" name="editGroupName" time="0.0">
    <skipped/>
  </testcase> <!-- editGroupName -->
  <testcase classname="Execution.userAccessGroupsTESTING" name="inputNewGroupTitle" time="0.0">
    <skipped/>
  </testcase> <!-- inputNewGroupTitle -->
  <testcase classname="Execution.userAccessGroupsTESTING" name="saveUserGroupNexus" time="0.0">
    <skipped/>
  </testcase> <!-- saveUserGroupNexus -->
</testsuite> <!-- Default test -->
