<html>
<head>
<title>TestNG:  User Access Groups</title>
<link href="../testng.css" rel="stylesheet" type="text/css" />
<link href="../my-testng.css" rel="stylesheet" type="text/css" />

<style type="text/css">
.log { display: none;} 
.stack-trace { display: none;} 
</style>
<script type="text/javascript">
<!--
function flip(e) {
  current = e.style.display;
  if (current == 'block') {
    e.style.display = 'none';
    return 0;
  }
  else {
    e.style.display = 'block';
    return 1;
  }
}

function toggleBox(szDivId, elem, msg1, msg2)
{
  var res = -1;  if (document.getElementById) {
    res = flip(document.getElementById(szDivId));
  }
  else if (document.all) {
    // this is the way old msie versions work
    res = flip(document.all[szDivId]);
  }
  if(elem) {
    if(res == 0) elem.innerHTML = msg1; else elem.innerHTML = msg2;
  }

}

function toggleAllBoxes() {
  if (document.getElementsByTagName) {
    d = document.getElementsByTagName('div');
    for (i = 0; i < d.length; i++) {
      if (d[i].className == 'log') {
        flip(d[i]);
      }
    }
  }
}

// -->
</script>

</head>
<body>
<h2 align='center'>User Access Groups</h2><table border='1' align="center">
<tr>
<td>Tests passed/Failed/Skipped:</td><td>46/2/0</td>
</tr><tr>
<td>Started on:</td><td>Thu Sep 07 12:36:37 CDT 2023</td>
</tr>
<tr><td>Total time:</td><td>63 seconds (63518 ms)</td>
</tr><tr>
<td>Included groups:</td><td></td>
</tr><tr>
<td>Excluded groups:</td><td></td>
</tr>
</table><p/>
<small><i>(Hover the method name to see the test class name)</i></small><p/>
<table width='100%' border='1' class='invocation-failed'>
<tr><td colspan='4' align='center'><b>FAILED TESTS</b></td></tr>
<tr><td><b>Test method</b></td>
<td width="30%"><b>Exception</b></td>
<td width="10%"><b>Time (seconds)</b></td>
<td><b>Instance</b></td>
</tr>
<tr>
<td title='Execution.userAccessGroups.addUserInNexus()'><b>addUserInNexus</b><br>Test class: Execution.userAccessGroups</td>
<td><div><pre>org.openqa.selenium.NoSuchElementException: no such element: Unable to locate element: {&quot;method&quot;:&quot;css selector&quot;,&quot;selector&quot;:&quot;#button_addEmployeePosition&quot;}
  (Session info: chrome=116.0.5845.142)
For documentation on this error, please visit: https://www.seleniumhq.org/exceptions/no_such_element.html
Build info: version: &apos;3.141.59&apos;, revision: &apos;e82be7d358&apos;, time: &apos;2018-11-14T08:25:48&apos;
System info: host: &apos;DESKTOP-OOHKJP3&apos;, ip: &apos;192.168.1.223&apos;, os.name: &apos;Windows 10&apos;, os.arch: &apos;amd64&apos;, os.version: &apos;10.0&apos;, java.version: &apos;15.0.2&apos;
Driver info: org.openqa.selenium.chrome.ChromeDriver
Capabilities {acceptInsecureCerts: false, browserName: chrome, browserVersion: 116.0.5845.142, chrome: {chromedriverVersion: 116.0.5845.96 (1a3918166880..., userDataDir: C:\Users\MAXRIC~1\AppData\L...}, fedcm:accounts: true, goog:chromeOptions: {debuggerAddress: localhost:58922}, javascriptEnabled: true, networkConnectionEnabled: false, pageLoadStrategy: normal, platform: WINDOWS, platformName: WINDOWS, proxy: Proxy(), setWindowRect: true, strictFileInteractability: false, timeouts: {implicit: 0, pageLoad: 300000, script: 30000}, unhandledPromptBehavior: dismiss and notify, webauthn:extension:credBlob: true, webauthn:extension:largeBlob: true, webauthn:extension:minPinLength: true, webauthn:extension:prf: true, webauthn:virtualAuthenticators: true}
Session ID: b5d24ffa82151fa613c9ac839a8566d1
*** Element info: {Using=id, value=button_addEmployeePosition}
	at org.openqa.selenium.remote.http.W3CHttpResponseCodec.createException(W3CHttpResponseCodec.java:187)
	at org.openqa.selenium.remote.http.W3CHttpResponseCodec.decode(W3CHttpResponseCodec.java:122)
	at org.openqa.selenium.remote.http.W3CHttpResponseCodec.decode(W3CHttpResponseCodec.java:49)
	at org.openqa.selenium.remote.HttpCommandExecutor.execute(HttpCommandExecutor.java:158)
	at org.openqa.selenium.remote.service.DriverCommandExecutor.execute(DriverCommandExecutor.java:83)
	at org.openqa.selenium.remote.RemoteWebDriver.execute(RemoteWebDriver.java:552)
	at org.openqa.selenium.remote.RemoteWebDriver.findElement(RemoteWebDriver.java:323)
	at org.openqa.selenium.remote.RemoteWebDriver.findElementById(RemoteWebDriver.java:372)
	at org.openqa.selenium.By$ById.findElement(By.java:188)
	at org.openqa.selenium.remote.RemoteWebDriver.findElement(RemoteWebDriver.java:315)
	at Execution.userAccessGroups.addUserInNexus(userAccessGroups.java:669)
	at java.base/java.util.ArrayList.forEach(ArrayList.java:1511)
... Removed 32 stack frames</pre></div><a href='#' onClick='toggleBox("stack-trace278398304", this, "Click to show all stack frames", "Click to hide stack frames")'>Click to show all stack frames</a>
<div class='stack-trace' id='stack-trace278398304'><pre>org.openqa.selenium.NoSuchElementException: no such element: Unable to locate element: {&quot;method&quot;:&quot;css selector&quot;,&quot;selector&quot;:&quot;#button_addEmployeePosition&quot;}
  (Session info: chrome=116.0.5845.142)
For documentation on this error, please visit: https://www.seleniumhq.org/exceptions/no_such_element.html
Build info: version: &apos;3.141.59&apos;, revision: &apos;e82be7d358&apos;, time: &apos;2018-11-14T08:25:48&apos;
System info: host: &apos;DESKTOP-OOHKJP3&apos;, ip: &apos;192.168.1.223&apos;, os.name: &apos;Windows 10&apos;, os.arch: &apos;amd64&apos;, os.version: &apos;10.0&apos;, java.version: &apos;15.0.2&apos;
Driver info: org.openqa.selenium.chrome.ChromeDriver
Capabilities {acceptInsecureCerts: false, browserName: chrome, browserVersion: 116.0.5845.142, chrome: {chromedriverVersion: 116.0.5845.96 (1a3918166880..., userDataDir: C:\Users\MAXRIC~1\AppData\L...}, fedcm:accounts: true, goog:chromeOptions: {debuggerAddress: localhost:58922}, javascriptEnabled: true, networkConnectionEnabled: false, pageLoadStrategy: normal, platform: WINDOWS, platformName: WINDOWS, proxy: Proxy(), setWindowRect: true, strictFileInteractability: false, timeouts: {implicit: 0, pageLoad: 300000, script: 30000}, unhandledPromptBehavior: dismiss and notify, webauthn:extension:credBlob: true, webauthn:extension:largeBlob: true, webauthn:extension:minPinLength: true, webauthn:extension:prf: true, webauthn:virtualAuthenticators: true}
Session ID: b5d24ffa82151fa613c9ac839a8566d1
*** Element info: {Using=id, value=button_addEmployeePosition}
	at java.base/jdk.internal.reflect.NativeConstructorAccessorImpl.newInstance0(Native Method)
	at java.base/jdk.internal.reflect.NativeConstructorAccessorImpl.newInstance(NativeConstructorAccessorImpl.java:64)
	at java.base/jdk.internal.reflect.DelegatingConstructorAccessorImpl.newInstance(DelegatingConstructorAccessorImpl.java:45)
	at java.base/java.lang.reflect.Constructor.newInstanceWithCaller(Constructor.java:500)
	at java.base/java.lang.reflect.Constructor.newInstance(Constructor.java:481)
	at org.openqa.selenium.remote.http.W3CHttpResponseCodec.createException(W3CHttpResponseCodec.java:187)
	at org.openqa.selenium.remote.http.W3CHttpResponseCodec.decode(W3CHttpResponseCodec.java:122)
	at org.openqa.selenium.remote.http.W3CHttpResponseCodec.decode(W3CHttpResponseCodec.java:49)
	at org.openqa.selenium.remote.HttpCommandExecutor.execute(HttpCommandExecutor.java:158)
	at org.openqa.selenium.remote.service.DriverCommandExecutor.execute(DriverCommandExecutor.java:83)
	at org.openqa.selenium.remote.RemoteWebDriver.execute(RemoteWebDriver.java:552)
	at org.openqa.selenium.remote.RemoteWebDriver.findElement(RemoteWebDriver.java:323)
	at org.openqa.selenium.remote.RemoteWebDriver.findElementById(RemoteWebDriver.java:372)
	at org.openqa.selenium.By$ById.findElement(By.java:188)
	at org.openqa.selenium.remote.RemoteWebDriver.findElement(RemoteWebDriver.java:315)
	at Execution.userAccessGroups.addUserInNexus(userAccessGroups.java:669)
	at java.base/jdk.internal.reflect.NativeMethodAccessorImpl.invoke0(Native Method)
	at java.base/jdk.internal.reflect.NativeMethodAccessorImpl.invoke(NativeMethodAccessorImpl.java:64)
	at java.base/jdk.internal.reflect.DelegatingMethodAccessorImpl.invoke(DelegatingMethodAccessorImpl.java:43)
	at java.base/java.lang.reflect.Method.invoke(Method.java:564)
	at org.testng.internal.MethodInvocationHelper.invokeMethod(MethodInvocationHelper.java:133)
	at org.testng.internal.TestInvoker.invokeMethod(TestInvoker.java:598)
	at org.testng.internal.TestInvoker.invokeTestMethod(TestInvoker.java:173)
	at org.testng.internal.MethodRunner.runInSequence(MethodRunner.java:46)
	at org.testng.internal.TestInvoker$MethodInvocationAgent.invoke(TestInvoker.java:824)
	at org.testng.internal.TestInvoker.invokeTestMethods(TestInvoker.java:146)
	at org.testng.internal.TestMethodWorker.invokeTestMethods(TestMethodWorker.java:146)
	at org.testng.internal.TestMethodWorker.run(TestMethodWorker.java:128)
	at java.base/java.util.ArrayList.forEach(ArrayList.java:1511)
	at org.testng.TestRunner.privateRun(TestRunner.java:794)
	at org.testng.TestRunner.run(TestRunner.java:596)
	at org.testng.SuiteRunner.runTest(SuiteRunner.java:377)
	at org.testng.SuiteRunner.runSequentially(SuiteRunner.java:371)
	at org.testng.SuiteRunner.privateRun(SuiteRunner.java:332)
	at org.testng.SuiteRunner.run(SuiteRunner.java:276)
	at org.testng.SuiteRunnerWorker.runSuite(SuiteRunnerWorker.java:53)
	at org.testng.SuiteRunnerWorker.run(SuiteRunnerWorker.java:96)
	at org.testng.TestNG.runSuitesSequentially(TestNG.java:1212)
	at org.testng.TestNG.runSuitesLocally(TestNG.java:1134)
	at org.testng.TestNG.runSuites(TestNG.java:1063)
	at org.testng.TestNG.run(TestNG.java:1031)
	at org.testng.remote.AbstractRemoteTestNG.run(AbstractRemoteTestNG.java:115)
	at org.testng.remote.RemoteTestNG.initAndRun(RemoteTestNG.java:251)
	at org.testng.remote.RemoteTestNG.main(RemoteTestNG.java:77)
</pre></div></td>
<td>1</td>
<td>Execution.userAccessGroups@49912c99</td></tr>
<tr>
<td title='Execution.userAccessGroups.selectSearchEmployeesOnly()'><b>selectSearchEmployeesOnly</b><br>Test class: Execution.userAccessGroups</td>
<td><div><pre>org.openqa.selenium.NoSuchElementException: no such element: Unable to locate element: {&quot;method&quot;:&quot;css selector&quot;,&quot;selector&quot;:&quot;#ignorePositions&quot;}
  (Session info: chrome=116.0.5845.142)
For documentation on this error, please visit: https://www.seleniumhq.org/exceptions/no_such_element.html
Build info: version: &apos;3.141.59&apos;, revision: &apos;e82be7d358&apos;, time: &apos;2018-11-14T08:25:48&apos;
System info: host: &apos;DESKTOP-OOHKJP3&apos;, ip: &apos;192.168.1.223&apos;, os.name: &apos;Windows 10&apos;, os.arch: &apos;amd64&apos;, os.version: &apos;10.0&apos;, java.version: &apos;15.0.2&apos;
Driver info: org.openqa.selenium.chrome.ChromeDriver
Capabilities {acceptInsecureCerts: false, browserName: chrome, browserVersion: 116.0.5845.142, chrome: {chromedriverVersion: 116.0.5845.96 (1a3918166880..., userDataDir: C:\Users\MAXRIC~1\AppData\L...}, fedcm:accounts: true, goog:chromeOptions: {debuggerAddress: localhost:58922}, javascriptEnabled: true, networkConnectionEnabled: false, pageLoadStrategy: normal, platform: WINDOWS, platformName: WINDOWS, proxy: Proxy(), setWindowRect: true, strictFileInteractability: false, timeouts: {implicit: 0, pageLoad: 300000, script: 30000}, unhandledPromptBehavior: dismiss and notify, webauthn:extension:credBlob: true, webauthn:extension:largeBlob: true, webauthn:extension:minPinLength: true, webauthn:extension:prf: true, webauthn:virtualAuthenticators: true}
Session ID: b5d24ffa82151fa613c9ac839a8566d1
*** Element info: {Using=id, value=ignorePositions}
	at org.openqa.selenium.remote.http.W3CHttpResponseCodec.createException(W3CHttpResponseCodec.java:187)
	at org.openqa.selenium.remote.http.W3CHttpResponseCodec.decode(W3CHttpResponseCodec.java:122)
	at org.openqa.selenium.remote.http.W3CHttpResponseCodec.decode(W3CHttpResponseCodec.java:49)
	at org.openqa.selenium.remote.HttpCommandExecutor.execute(HttpCommandExecutor.java:158)
	at org.openqa.selenium.remote.service.DriverCommandExecutor.execute(DriverCommandExecutor.java:83)
	at org.openqa.selenium.remote.RemoteWebDriver.execute(RemoteWebDriver.java:552)
	at org.openqa.selenium.remote.RemoteWebDriver.findElement(RemoteWebDriver.java:323)
	at org.openqa.selenium.remote.RemoteWebDriver.findElementById(RemoteWebDriver.java:372)
	at org.openqa.selenium.By$ById.findElement(By.java:188)
	at org.openqa.selenium.remote.RemoteWebDriver.findElement(RemoteWebDriver.java:315)
	at Execution.userAccessGroups.selectSearchEmployeesOnly(userAccessGroups.java:680)
	at java.base/java.util.ArrayList.forEach(ArrayList.java:1511)
... Removed 32 stack frames</pre></div><a href='#' onClick='toggleBox("stack-trace783130773", this, "Click to show all stack frames", "Click to hide stack frames")'>Click to show all stack frames</a>
<div class='stack-trace' id='stack-trace783130773'><pre>org.openqa.selenium.NoSuchElementException: no such element: Unable to locate element: {&quot;method&quot;:&quot;css selector&quot;,&quot;selector&quot;:&quot;#ignorePositions&quot;}
  (Session info: chrome=116.0.5845.142)
For documentation on this error, please visit: https://www.seleniumhq.org/exceptions/no_such_element.html
Build info: version: &apos;3.141.59&apos;, revision: &apos;e82be7d358&apos;, time: &apos;2018-11-14T08:25:48&apos;
System info: host: &apos;DESKTOP-OOHKJP3&apos;, ip: &apos;192.168.1.223&apos;, os.name: &apos;Windows 10&apos;, os.arch: &apos;amd64&apos;, os.version: &apos;10.0&apos;, java.version: &apos;15.0.2&apos;
Driver info: org.openqa.selenium.chrome.ChromeDriver
Capabilities {acceptInsecureCerts: false, browserName: chrome, browserVersion: 116.0.5845.142, chrome: {chromedriverVersion: 116.0.5845.96 (1a3918166880..., userDataDir: C:\Users\MAXRIC~1\AppData\L...}, fedcm:accounts: true, goog:chromeOptions: {debuggerAddress: localhost:58922}, javascriptEnabled: true, networkConnectionEnabled: false, pageLoadStrategy: normal, platform: WINDOWS, platformName: WINDOWS, proxy: Proxy(), setWindowRect: true, strictFileInteractability: false, timeouts: {implicit: 0, pageLoad: 300000, script: 30000}, unhandledPromptBehavior: dismiss and notify, webauthn:extension:credBlob: true, webauthn:extension:largeBlob: true, webauthn:extension:minPinLength: true, webauthn:extension:prf: true, webauthn:virtualAuthenticators: true}
Session ID: b5d24ffa82151fa613c9ac839a8566d1
*** Element info: {Using=id, value=ignorePositions}
	at java.base/jdk.internal.reflect.NativeConstructorAccessorImpl.newInstance0(Native Method)
	at java.base/jdk.internal.reflect.NativeConstructorAccessorImpl.newInstance(NativeConstructorAccessorImpl.java:64)
	at java.base/jdk.internal.reflect.DelegatingConstructorAccessorImpl.newInstance(DelegatingConstructorAccessorImpl.java:45)
	at java.base/java.lang.reflect.Constructor.newInstanceWithCaller(Constructor.java:500)
	at java.base/java.lang.reflect.Constructor.newInstance(Constructor.java:481)
	at org.openqa.selenium.remote.http.W3CHttpResponseCodec.createException(W3CHttpResponseCodec.java:187)
	at org.openqa.selenium.remote.http.W3CHttpResponseCodec.decode(W3CHttpResponseCodec.java:122)
	at org.openqa.selenium.remote.http.W3CHttpResponseCodec.decode(W3CHttpResponseCodec.java:49)
	at org.openqa.selenium.remote.HttpCommandExecutor.execute(HttpCommandExecutor.java:158)
	at org.openqa.selenium.remote.service.DriverCommandExecutor.execute(DriverCommandExecutor.java:83)
	at org.openqa.selenium.remote.RemoteWebDriver.execute(RemoteWebDriver.java:552)
	at org.openqa.selenium.remote.RemoteWebDriver.findElement(RemoteWebDriver.java:323)
	at org.openqa.selenium.remote.RemoteWebDriver.findElementById(RemoteWebDriver.java:372)
	at org.openqa.selenium.By$ById.findElement(By.java:188)
	at org.openqa.selenium.remote.RemoteWebDriver.findElement(RemoteWebDriver.java:315)
	at Execution.userAccessGroups.selectSearchEmployeesOnly(userAccessGroups.java:680)
	at java.base/jdk.internal.reflect.NativeMethodAccessorImpl.invoke0(Native Method)
	at java.base/jdk.internal.reflect.NativeMethodAccessorImpl.invoke(NativeMethodAccessorImpl.java:64)
	at java.base/jdk.internal.reflect.DelegatingMethodAccessorImpl.invoke(DelegatingMethodAccessorImpl.java:43)
	at java.base/java.lang.reflect.Method.invoke(Method.java:564)
	at org.testng.internal.MethodInvocationHelper.invokeMethod(MethodInvocationHelper.java:133)
	at org.testng.internal.TestInvoker.invokeMethod(TestInvoker.java:598)
	at org.testng.internal.TestInvoker.invokeTestMethod(TestInvoker.java:173)
	at org.testng.internal.MethodRunner.runInSequence(MethodRunner.java:46)
	at org.testng.internal.TestInvoker$MethodInvocationAgent.invoke(TestInvoker.java:824)
	at org.testng.internal.TestInvoker.invokeTestMethods(TestInvoker.java:146)
	at org.testng.internal.TestMethodWorker.invokeTestMethods(TestMethodWorker.java:146)
	at org.testng.internal.TestMethodWorker.run(TestMethodWorker.java:128)
	at java.base/java.util.ArrayList.forEach(ArrayList.java:1511)
	at org.testng.TestRunner.privateRun(TestRunner.java:794)
	at org.testng.TestRunner.run(TestRunner.java:596)
	at org.testng.SuiteRunner.runTest(SuiteRunner.java:377)
	at org.testng.SuiteRunner.runSequentially(SuiteRunner.java:371)
	at org.testng.SuiteRunner.privateRun(SuiteRunner.java:332)
	at org.testng.SuiteRunner.run(SuiteRunner.java:276)
	at org.testng.SuiteRunnerWorker.runSuite(SuiteRunnerWorker.java:53)
	at org.testng.SuiteRunnerWorker.run(SuiteRunnerWorker.java:96)
	at org.testng.TestNG.runSuitesSequentially(TestNG.java:1212)
	at org.testng.TestNG.runSuitesLocally(TestNG.java:1134)
	at org.testng.TestNG.runSuites(TestNG.java:1063)
	at org.testng.TestNG.run(TestNG.java:1031)
	at org.testng.remote.AbstractRemoteTestNG.run(AbstractRemoteTestNG.java:115)
	at org.testng.remote.RemoteTestNG.initAndRun(RemoteTestNG.java:251)
	at org.testng.remote.RemoteTestNG.main(RemoteTestNG.java:77)
</pre></div></td>
<td>1</td>
<td>Execution.userAccessGroups@49912c99</td></tr>
</table><p>
<table width='100%' border='1' class='invocation-passed'>
<tr><td colspan='4' align='center'><b>PASSED TESTS</b></td></tr>
<tr><td><b>Test method</b></td>
<td width="30%"><b>Exception</b></td>
<td width="10%"><b>Time (seconds)</b></td>
<td><b>Instance</b></td>
</tr>
<tr>
<td title='Execution.userAccessGroups.confirmYes3()'><b>confirmYes3</b><br>Test class: Execution.userAccessGroups</td>
<td></td>
<td>0</td>
<td>Execution.userAccessGroups@49912c99</td></tr>
<tr>
<td title='Execution.userAccessGroups.openAccessGroup2()'><b>openAccessGroup2</b><br>Test class: Execution.userAccessGroups</td>
<td></td>
<td>1</td>
<td>Execution.userAccessGroups@49912c99</td></tr>
<tr>
<td title='Execution.userAccessGroups.deleteUser_0_1()'><b>deleteUser_0_1</b><br>Test class: Execution.userAccessGroups</td>
<td></td>
<td>0</td>
<td>Execution.userAccessGroups@49912c99</td></tr>
<tr>
<td title='Execution.userAccessGroups.confirmNo2()'><b>confirmNo2</b><br>Test class: Execution.userAccessGroups</td>
<td></td>
<td>0</td>
<td>Execution.userAccessGroups@49912c99</td></tr>
<tr>
<td title='Execution.userAccessGroups.ShowHideInactive()'><b>ShowHideInactive</b><br>Test class: Execution.userAccessGroups</td>
<td></td>
<td>0</td>
<td>Execution.userAccessGroups@49912c99</td></tr>
<tr>
<td title='Execution.userAccessGroups.confirmReactivate()'><b>confirmReactivate</b><br>Test class: Execution.userAccessGroups</td>
<td></td>
<td>0</td>
<td>Execution.userAccessGroups@49912c99</td></tr>
<tr>
<td title='Execution.userAccessGroups.openAccessGroup10()'><b>openAccessGroup10</b><br>Test class: Execution.userAccessGroups</td>
<td></td>
<td>1</td>
<td>Execution.userAccessGroups@49912c99</td></tr>
<tr>
<td title='Execution.userAccessGroups.cancelCreateUserGroup()'><b>cancelCreateUserGroup</b><br>Test class: Execution.userAccessGroups</td>
<td></td>
<td>0</td>
<td>Execution.userAccessGroups@49912c99</td></tr>
<tr>
<td title='Execution.userAccessGroups.saveEmployee()'><b>saveEmployee</b><br>Test class: Execution.userAccessGroups</td>
<td></td>
<td>1</td>
<td>Execution.userAccessGroups@49912c99</td></tr>
<tr>
<td title='Execution.userAccessGroups.reactivateMember_0()'><b>reactivateMember_0</b><br>Test class: Execution.userAccessGroups</td>
<td></td>
<td>0</td>
<td>Execution.userAccessGroups@49912c99</td></tr>
<tr>
<td title='Execution.userAccessGroups.saveEmployee2()'><b>saveEmployee2</b><br>Test class: Execution.userAccessGroups</td>
<td></td>
<td>1</td>
<td>Execution.userAccessGroups@49912c99</td></tr>
<tr>
<td title='Execution.userAccessGroups.openAccessGroup5()'><b>openAccessGroup5</b><br>Test class: Execution.userAccessGroups</td>
<td></td>
<td>1</td>
<td>Execution.userAccessGroups@49912c99</td></tr>
<tr>
<td title='Execution.userAccessGroups.createNexusDriver1()'><b>createNexusDriver1</b><br>Test class: Execution.userAccessGroups</td>
<td></td>
<td>5</td>
<td>Execution.userAccessGroups@49912c99</td></tr>
<tr>
<td title='Execution.userAccessGroups.openAccessGroup3()'><b>openAccessGroup3</b><br>Test class: Execution.userAccessGroups</td>
<td></td>
<td>1</td>
<td>Execution.userAccessGroups@49912c99</td></tr>
<tr>
<td title='Execution.userAccessGroups.createUserAccessGroup2()'><b>createUserAccessGroup2</b><br>Test class: Execution.userAccessGroups</td>
<td></td>
<td>0</td>
<td>Execution.userAccessGroups@49912c99</td></tr>
<tr>
<td title='Execution.userAccessGroups.openAccessGroup6()'><b>openAccessGroup6</b><br>Test class: Execution.userAccessGroups</td>
<td></td>
<td>1</td>
<td>Execution.userAccessGroups@49912c99</td></tr>
<tr>
<td title='Execution.userAccessGroups.createUserAccessGroup()'><b>createUserAccessGroup</b><br>Test class: Execution.userAccessGroups</td>
<td></td>
<td>1</td>
<td>Execution.userAccessGroups@49912c99</td></tr>
<tr>
<td title='Execution.userAccessGroups.testForCertPage()'><b>testForCertPage</b><br>Test class: Execution.userAccessGroups</td>
<td></td>
<td>1</td>
<td>Execution.userAccessGroups@49912c99</td></tr>
<tr>
<td title='Execution.userAccessGroups.inputEmployee()'><b>inputEmployee</b><br>Test class: Execution.userAccessGroups</td>
<td></td>
<td>2</td>
<td>Execution.userAccessGroups@49912c99</td></tr>
<tr>
<td title='Execution.userAccessGroups.inputGroupName2()'><b>inputGroupName2</b><br>Test class: Execution.userAccessGroups</td>
<td></td>
<td>1</td>
<td>Execution.userAccessGroups@49912c99</td></tr>
<tr>
<td title='Execution.userAccessGroups.openAccessGroup4()'><b>openAccessGroup4</b><br>Test class: Execution.userAccessGroups</td>
<td></td>
<td>1</td>
<td>Execution.userAccessGroups@49912c99</td></tr>
<tr>
<td title='Execution.userAccessGroups.addNexusUser_1()'><b>addNexusUser_1</b><br>Test class: Execution.userAccessGroups</td>
<td></td>
<td>0</td>
<td>Execution.userAccessGroups@49912c99</td></tr>
<tr>
<td title='Execution.userAccessGroups.addNexusUser_2()'><b>addNexusUser_2</b><br>Test class: Execution.userAccessGroups</td>
<td></td>
<td>0</td>
<td>Execution.userAccessGroups@49912c99</td></tr>
<tr>
<td title='Execution.userAccessGroups.inputGroupName()'><b>inputGroupName</b><br>Test class: Execution.userAccessGroups</td>
<td></td>
<td>1</td>
<td>Execution.userAccessGroups@49912c99</td></tr>
<tr>
<td title='Execution.userAccessGroups.saveEmployee3()'><b>saveEmployee3</b><br>Test class: Execution.userAccessGroups</td>
<td></td>
<td>1</td>
<td>Execution.userAccessGroups@49912c99</td></tr>
<tr>
<td title='Execution.userAccessGroups.saveUserGroup()'><b>saveUserGroup</b><br>Test class: Execution.userAccessGroups</td>
<td></td>
<td>1</td>
<td>Execution.userAccessGroups@49912c99</td></tr>
<tr>
<td title='Execution.userAccessGroups.getElementID()'><b>getElementID</b><br>Test class: Execution.userAccessGroups</td>
<td></td>
<td>2</td>
<td>Execution.userAccessGroups@49912c99</td></tr>
<tr>
<td title='Execution.userAccessGroups.openAccessGroup()'><b>openAccessGroup</b><br>Test class: Execution.userAccessGroups</td>
<td></td>
<td>1</td>
<td>Execution.userAccessGroups@49912c99</td></tr>
<tr>
<td title='Execution.userAccessGroups.confirmYes4()'><b>confirmYes4</b><br>Test class: Execution.userAccessGroups</td>
<td></td>
<td>0</td>
<td>Execution.userAccessGroups@49912c99</td></tr>
<tr>
<td title='Execution.userAccessGroups.addNexusUser_0_2()'><b>addNexusUser_0_2</b><br>Test class: Execution.userAccessGroups</td>
<td></td>
<td>0</td>
<td>Execution.userAccessGroups@49912c99</td></tr>
<tr>
<td title='Execution.userAccessGroups.confirmYes()'><b>confirmYes</b><br>Test class: Execution.userAccessGroups</td>
<td></td>
<td>0</td>
<td>Execution.userAccessGroups@49912c99</td></tr>
<tr>
<td title='Execution.userAccessGroups.confirmYes2()'><b>confirmYes2</b><br>Test class: Execution.userAccessGroups</td>
<td></td>
<td>0</td>
<td>Execution.userAccessGroups@49912c99</td></tr>
<tr>
<td title='Execution.userAccessGroups.confirmNo()'><b>confirmNo</b><br>Test class: Execution.userAccessGroups</td>
<td></td>
<td>0</td>
<td>Execution.userAccessGroups@49912c99</td></tr>
<tr>
<td title='Execution.userAccessGroups.openAccessGroup9()'><b>openAccessGroup9</b><br>Test class: Execution.userAccessGroups</td>
<td></td>
<td>1</td>
<td>Execution.userAccessGroups@49912c99</td></tr>
<tr>
<td title='Execution.userAccessGroups.openAccessGroup1()'><b>openAccessGroup1</b><br>Test class: Execution.userAccessGroups</td>
<td></td>
<td>1</td>
<td>Execution.userAccessGroups@49912c99</td></tr>
<tr>
<td title='Execution.userAccessGroups.deleteUser_1()'><b>deleteUser_1</b><br>Test class: Execution.userAccessGroups</td>
<td></td>
<td>0</td>
<td>Execution.userAccessGroups@49912c99</td></tr>
<tr>
<td title='Execution.userAccessGroups.confirmYes5()'><b>confirmYes5</b><br>Test class: Execution.userAccessGroups</td>
<td></td>
<td>0</td>
<td>Execution.userAccessGroups@49912c99</td></tr>
<tr>
<td title='Execution.userAccessGroups.openAccessGroup8()'><b>openAccessGroup8</b><br>Test class: Execution.userAccessGroups</td>
<td></td>
<td>1</td>
<td>Execution.userAccessGroups@49912c99</td></tr>
<tr>
<td title='Execution.userAccessGroups.confirmReactivateMember_0()'><b>confirmReactivateMember_0</b><br>Test class: Execution.userAccessGroups</td>
<td></td>
<td>0</td>
<td>Execution.userAccessGroups@49912c99</td></tr>
<tr>
<td title='Execution.userAccessGroups.inputEmployee3()'><b>inputEmployee3</b><br>Test class: Execution.userAccessGroups</td>
<td></td>
<td>2</td>
<td>Execution.userAccessGroups@49912c99</td></tr>
<tr>
<td title='Execution.userAccessGroups.deleteUser_0()'><b>deleteUser_0</b><br>Test class: Execution.userAccessGroups</td>
<td></td>
<td>0</td>
<td>Execution.userAccessGroups@49912c99</td></tr>
<tr>
<td title='Execution.userAccessGroups.reactivateMember_1()'><b>reactivateMember_1</b><br>Test class: Execution.userAccessGroups</td>
<td></td>
<td>0</td>
<td>Execution.userAccessGroups@49912c99</td></tr>
<tr>
<td title='Execution.userAccessGroups.inputEmployee2()'><b>inputEmployee2</b><br>Test class: Execution.userAccessGroups</td>
<td></td>
<td>2</td>
<td>Execution.userAccessGroups@49912c99</td></tr>
<tr>
<td title='Execution.userAccessGroups.openAccessGroup7()'><b>openAccessGroup7</b><br>Test class: Execution.userAccessGroups</td>
<td></td>
<td>1</td>
<td>Execution.userAccessGroups@49912c99</td></tr>
<tr>
<td title='Execution.userAccessGroups.addNexusUser_0()'><b>addNexusUser_0</b><br>Test class: Execution.userAccessGroups</td>
<td></td>
<td>0</td>
<td>Execution.userAccessGroups@49912c99</td></tr>
<tr>
<td title='Execution.userAccessGroups.ShowHideInactive2()'><b>ShowHideInactive2</b><br>Test class: Execution.userAccessGroups</td>
<td></td>
<td>0</td>
<td>Execution.userAccessGroups@49912c99</td></tr>
</table><p>
</body>
</html>