<?xml version="1.0" encoding="UTF-8"?>
<!-- Generated by org.testng.reporters.JUnitReportReporter -->
<testsuite hostname="DESKTOP-OOHKJP3" failures="0" tests="48" name="Execution.userAccessGroups" time="60.939" errors="2" timestamp="2023-09-07T12:37:40 CDT" skipped="0">
  <testcase classname="Execution.userAccessGroups" name="testForCertPage" time="1.528"/>
  <system-out/>
  <testcase classname="Execution.userAccessGroups" name="createUserAccessGroup" time="1.319"/>
  <system-out/>
  <testcase classname="Execution.userAccessGroups" name="inputGroupName" time="1.948"/>
  <system-out/>
  <testcase classname="Execution.userAccessGroups" name="cancelCreateUserGroup" time="0.796"/>
  <system-out/>
  <testcase classname="Execution.userAccessGroups" name="createUserAccessGroup2" time="0.759"/>
  <system-out/>
  <testcase classname="Execution.userAccessGroups" name="inputGroupName2" time="1.890"/>
  <system-out/>
  <testcase classname="Execution.userAccessGroups" name="saveUserGroup" time="1.061"/>
  <system-out/>
  <testcase classname="Execution.userAccessGroups" name="openAccessGroup" time="1.445"/>
  <system-out/>
  <testcase classname="Execution.userAccessGroups" name="inputEmployee" time="2.212"/>
  <system-out/>
  <testcase classname="Execution.userAccessGroups" name="saveEmployee" time="1.057"/>
  <system-out/>
  <testcase classname="Execution.userAccessGroups" name="openAccessGroup1" time="1.444"/>
  <system-out/>
  <testcase classname="Execution.userAccessGroups" name="inputEmployee2" time="2.400"/>
  <system-out/>
  <testcase classname="Execution.userAccessGroups" name="saveEmployee2" time="1.054"/>
  <system-out/>
  <testcase classname="Execution.userAccessGroups" name="openAccessGroup2" time="1.432"/>
  <system-out/>
  <testcase classname="Execution.userAccessGroups" name="inputEmployee3" time="2.172"/>
  <system-out/>
  <testcase classname="Execution.userAccessGroups" name="saveEmployee3" time="1.042"/>
  <system-out/>
  <testcase classname="Execution.userAccessGroups" name="openAccessGroup3" time="1.447"/>
  <system-out/>
  <testcase classname="Execution.userAccessGroups" name="addNexusUser_0" time="0.856"/>
  <system-out/>
  <testcase classname="Execution.userAccessGroups" name="confirmNo" time="0.760"/>
  <system-out/>
  <testcase classname="Execution.userAccessGroups" name="addNexusUser_0_2" time="0.841"/>
  <system-out/>
  <testcase classname="Execution.userAccessGroups" name="confirmYes" time="0.735"/>
  <system-out/>
  <testcase classname="Execution.userAccessGroups" name="openAccessGroup4" time="1.430"/>
  <system-out/>
  <testcase classname="Execution.userAccessGroups" name="addNexusUser_1" time="0.873"/>
  <system-out/>
  <testcase classname="Execution.userAccessGroups" name="confirmYes2" time="0.743"/>
  <system-out/>
  <testcase classname="Execution.userAccessGroups" name="openAccessGroup5" time="1.437"/>
  <system-out/>
  <testcase classname="Execution.userAccessGroups" name="addNexusUser_2" time="0.855"/>
  <system-out/>
  <testcase classname="Execution.userAccessGroups" name="confirmYes3" time="0.844"/>
  <system-out/>
  <testcase classname="Execution.userAccessGroups" name="openAccessGroup6" time="1.439"/>
  <system-out/>
  <testcase classname="Execution.userAccessGroups" name="deleteUser_0" time="0.838"/>
  <system-out/>
  <testcase classname="Execution.userAccessGroups" name="confirmNo2" time="0.733"/>
  <system-out/>
  <testcase classname="Execution.userAccessGroups" name="deleteUser_0_1" time="0.841"/>
  <system-out/>
  <testcase classname="Execution.userAccessGroups" name="confirmYes4" time="0.752"/>
  <system-out/>
  <testcase classname="Execution.userAccessGroups" name="openAccessGroup7" time="1.430"/>
  <system-out/>
  <testcase classname="Execution.userAccessGroups" name="deleteUser_1" time="0.840"/>
  <system-out/>
  <testcase classname="Execution.userAccessGroups" name="confirmYes5" time="0.731"/>
  <system-out/>
  <testcase classname="Execution.userAccessGroups" name="openAccessGroup8" time="1.447"/>
  <system-out/>
  <testcase classname="Execution.userAccessGroups" name="ShowHideInactive" time="0.864"/>
  <system-out/>
  <testcase classname="Execution.userAccessGroups" name="reactivateMember_0" time="0.847"/>
  <system-out/>
  <testcase classname="Execution.userAccessGroups" name="confirmReactivateMember_0" time="0.756"/>
  <system-out/>
  <testcase classname="Execution.userAccessGroups" name="openAccessGroup9" time="1.434"/>
  <system-out/>
  <testcase classname="Execution.userAccessGroups" name="ShowHideInactive2" time="0.837"/>
  <system-out/>
  <testcase classname="Execution.userAccessGroups" name="reactivateMember_1" time="0.840"/>
  <system-out/>
  <testcase classname="Execution.userAccessGroups" name="confirmReactivate" time="0.748"/>
  <system-out/>
  <testcase classname="Execution.userAccessGroups" name="openAccessGroup10" time="1.433"/>
  <system-out/>
  <testcase classname="Execution.userAccessGroups" name="getElementID" time="2.420"/>
  <system-out/>
  <testcase classname="Execution.userAccessGroups" name="createNexusDriver1" time="5.273"/>
  <system-out/>
  <testcase classname="Execution.userAccessGroups" name="addUserInNexus" time="1.038">
    <error message="no such element: Unable to locate element: {&quot;method&quot;:&quot;css selector&quot;,&quot;selector&quot;:&quot;#button_addEmployeePosition&quot;}
  (Session info: chrome=116.0.5845.142)
For documentation on this error, please visit: https://www.seleniumhq.org/exceptions/no_such_element.html
Build info: version: &#039;3.141.59&#039;, revision: &#039;e82be7d358&#039;, time: &#039;2018-11-14T08:25:48&#039;
System info: host: &#039;DESKTOP-OOHKJP3&#039;, ip: &#039;192.168.1.223&#039;, os.name: &#039;Windows 10&#039;, os.arch: &#039;amd64&#039;, os.version: &#039;10.0&#039;, java.version: &#039;15.0.2&#039;
Driver info: org.openqa.selenium.chrome.ChromeDriver
Capabilities {acceptInsecureCerts: false, browserName: chrome, browserVersion: 116.0.5845.142, chrome: {chromedriverVersion: 116.0.5845.96 (1a3918166880..., userDataDir: C:\Users\MAXRIC~1\AppData\L...}, fedcm:accounts: true, goog:chromeOptions: {debuggerAddress: localhost:58922}, javascriptEnabled: true, networkConnectionEnabled: false, pageLoadStrategy: normal, platform: WINDOWS, platformName: WINDOWS, proxy: Proxy(), setWindowRect: true, strictFileInteractability: false, timeouts: {implicit: 0, pageLoad: 300000, script: 30000}, unhandledPromptBehavior: dismiss and notify, webauthn:extension:credBlob: true, webauthn:extension:largeBlob: true, webauthn:extension:minPinLength: true, webauthn:extension:prf: true, webauthn:virtualAuthenticators: true}
Session ID: b5d24ffa82151fa613c9ac839a8566d1
*** Element info: {Using=id, value=button_addEmployeePosition}" type="org.openqa.selenium.NoSuchElementException">
      <![CDATA[org.openqa.selenium.NoSuchElementException: no such element: Unable to locate element: {"method":"css selector","selector":"#button_addEmployeePosition"}
  (Session info: chrome=116.0.5845.142)
For documentation on this error, please visit: https://www.seleniumhq.org/exceptions/no_such_element.html
Build info: version: '3.141.59', revision: 'e82be7d358', time: '2018-11-14T08:25:48'
System info: host: 'DESKTOP-OOHKJP3', ip: '192.168.1.223', os.name: 'Windows 10', os.arch: 'amd64', os.version: '10.0', java.version: '15.0.2'
Driver info: org.openqa.selenium.chrome.ChromeDriver
Capabilities {acceptInsecureCerts: false, browserName: chrome, browserVersion: 116.0.5845.142, chrome: {chromedriverVersion: 116.0.5845.96 (1a3918166880..., userDataDir: C:\Users\MAXRIC~1\AppData\L...}, fedcm:accounts: true, goog:chromeOptions: {debuggerAddress: localhost:58922}, javascriptEnabled: true, networkConnectionEnabled: false, pageLoadStrategy: normal, platform: WINDOWS, platformName: WINDOWS, proxy: Proxy(), setWindowRect: true, strictFileInteractability: false, timeouts: {implicit: 0, pageLoad: 300000, script: 30000}, unhandledPromptBehavior: dismiss and notify, webauthn:extension:credBlob: true, webauthn:extension:largeBlob: true, webauthn:extension:minPinLength: true, webauthn:extension:prf: true, webauthn:virtualAuthenticators: true}
Session ID: b5d24ffa82151fa613c9ac839a8566d1
*** Element info: {Using=id, value=button_addEmployeePosition}
at java.base/jdk.internal.reflect.NativeConstructorAccessorImpl.newInstance0(Native Method)
at java.base/jdk.internal.reflect.NativeConstructorAccessorImpl.newInstance(NativeConstructorAccessorImpl.java:64)
at java.base/jdk.internal.reflect.DelegatingConstructorAccessorImpl.newInstance(DelegatingConstructorAccessorImpl.java:45)
at java.base/java.lang.reflect.Constructor.newInstanceWithCaller(Constructor.java:500)
at java.base/java.lang.reflect.Constructor.newInstance(Constructor.java:481)
at org.openqa.selenium.remote.http.W3CHttpResponseCodec.createException(W3CHttpResponseCodec.java:187)
at org.openqa.selenium.remote.http.W3CHttpResponseCodec.decode(W3CHttpResponseCodec.java:122)
at org.openqa.selenium.remote.http.W3CHttpResponseCodec.decode(W3CHttpResponseCodec.java:49)
at org.openqa.selenium.remote.HttpCommandExecutor.execute(HttpCommandExecutor.java:158)
at org.openqa.selenium.remote.service.DriverCommandExecutor.execute(DriverCommandExecutor.java:83)
at org.openqa.selenium.remote.RemoteWebDriver.execute(RemoteWebDriver.java:552)
at org.openqa.selenium.remote.RemoteWebDriver.findElement(RemoteWebDriver.java:323)
at org.openqa.selenium.remote.RemoteWebDriver.findElementById(RemoteWebDriver.java:372)
at org.openqa.selenium.By$ById.findElement(By.java:188)
at org.openqa.selenium.remote.RemoteWebDriver.findElement(RemoteWebDriver.java:315)
at Execution.userAccessGroups.addUserInNexus(userAccessGroups.java:669)
at java.base/jdk.internal.reflect.NativeMethodAccessorImpl.invoke0(Native Method)
at java.base/jdk.internal.reflect.NativeMethodAccessorImpl.invoke(NativeMethodAccessorImpl.java:64)
at java.base/jdk.internal.reflect.DelegatingMethodAccessorImpl.invoke(DelegatingMethodAccessorImpl.java:43)
at java.base/java.lang.reflect.Method.invoke(Method.java:564)
at org.testng.internal.MethodInvocationHelper.invokeMethod(MethodInvocationHelper.java:133)
at org.testng.internal.TestInvoker.invokeMethod(TestInvoker.java:598)
at org.testng.internal.TestInvoker.invokeTestMethod(TestInvoker.java:173)
at org.testng.internal.MethodRunner.runInSequence(MethodRunner.java:46)
at org.testng.internal.TestInvoker$MethodInvocationAgent.invoke(TestInvoker.java:824)
at org.testng.internal.TestInvoker.invokeTestMethods(TestInvoker.java:146)
at org.testng.internal.TestMethodWorker.invokeTestMethods(TestMethodWorker.java:146)
at org.testng.internal.TestMethodWorker.run(TestMethodWorker.java:128)
at java.base/java.util.ArrayList.forEach(ArrayList.java:1511)
at org.testng.TestRunner.privateRun(TestRunner.java:794)
at org.testng.TestRunner.run(TestRunner.java:596)
at org.testng.SuiteRunner.runTest(SuiteRunner.java:377)
at org.testng.SuiteRunner.runSequentially(SuiteRunner.java:371)
at org.testng.SuiteRunner.privateRun(SuiteRunner.java:332)
at org.testng.SuiteRunner.run(SuiteRunner.java:276)
at org.testng.SuiteRunnerWorker.runSuite(SuiteRunnerWorker.java:53)
at org.testng.SuiteRunnerWorker.run(SuiteRunnerWorker.java:96)
at org.testng.TestNG.runSuitesSequentially(TestNG.java:1212)
at org.testng.TestNG.runSuitesLocally(TestNG.java:1134)
at org.testng.TestNG.runSuites(TestNG.java:1063)
at org.testng.TestNG.run(TestNG.java:1031)
at org.testng.remote.AbstractRemoteTestNG.run(AbstractRemoteTestNG.java:115)
at org.testng.remote.RemoteTestNG.initAndRun(RemoteTestNG.java:251)
at org.testng.remote.RemoteTestNG.main(RemoteTestNG.java:77)
]]>
    </error>
  </testcase> <!-- addUserInNexus -->
  <system-out/>
  <testcase classname="Execution.userAccessGroups" name="selectSearchEmployeesOnly" time="1.018">
    <error message="no such element: Unable to locate element: {&quot;method&quot;:&quot;css selector&quot;,&quot;selector&quot;:&quot;#ignorePositions&quot;}
  (Session info: chrome=116.0.5845.142)
For documentation on this error, please visit: https://www.seleniumhq.org/exceptions/no_such_element.html
Build info: version: &#039;3.141.59&#039;, revision: &#039;e82be7d358&#039;, time: &#039;2018-11-14T08:25:48&#039;
System info: host: &#039;DESKTOP-OOHKJP3&#039;, ip: &#039;192.168.1.223&#039;, os.name: &#039;Windows 10&#039;, os.arch: &#039;amd64&#039;, os.version: &#039;10.0&#039;, java.version: &#039;15.0.2&#039;
Driver info: org.openqa.selenium.chrome.ChromeDriver
Capabilities {acceptInsecureCerts: false, browserName: chrome, browserVersion: 116.0.5845.142, chrome: {chromedriverVersion: 116.0.5845.96 (1a3918166880..., userDataDir: C:\Users\MAXRIC~1\AppData\L...}, fedcm:accounts: true, goog:chromeOptions: {debuggerAddress: localhost:58922}, javascriptEnabled: true, networkConnectionEnabled: false, pageLoadStrategy: normal, platform: WINDOWS, platformName: WINDOWS, proxy: Proxy(), setWindowRect: true, strictFileInteractability: false, timeouts: {implicit: 0, pageLoad: 300000, script: 30000}, unhandledPromptBehavior: dismiss and notify, webauthn:extension:credBlob: true, webauthn:extension:largeBlob: true, webauthn:extension:minPinLength: true, webauthn:extension:prf: true, webauthn:virtualAuthenticators: true}
Session ID: b5d24ffa82151fa613c9ac839a8566d1
*** Element info: {Using=id, value=ignorePositions}" type="org.openqa.selenium.NoSuchElementException">
      <![CDATA[org.openqa.selenium.NoSuchElementException: no such element: Unable to locate element: {"method":"css selector","selector":"#ignorePositions"}
  (Session info: chrome=116.0.5845.142)
For documentation on this error, please visit: https://www.seleniumhq.org/exceptions/no_such_element.html
Build info: version: '3.141.59', revision: 'e82be7d358', time: '2018-11-14T08:25:48'
System info: host: 'DESKTOP-OOHKJP3', ip: '192.168.1.223', os.name: 'Windows 10', os.arch: 'amd64', os.version: '10.0', java.version: '15.0.2'
Driver info: org.openqa.selenium.chrome.ChromeDriver
Capabilities {acceptInsecureCerts: false, browserName: chrome, browserVersion: 116.0.5845.142, chrome: {chromedriverVersion: 116.0.5845.96 (1a3918166880..., userDataDir: C:\Users\MAXRIC~1\AppData\L...}, fedcm:accounts: true, goog:chromeOptions: {debuggerAddress: localhost:58922}, javascriptEnabled: true, networkConnectionEnabled: false, pageLoadStrategy: normal, platform: WINDOWS, platformName: WINDOWS, proxy: Proxy(), setWindowRect: true, strictFileInteractability: false, timeouts: {implicit: 0, pageLoad: 300000, script: 30000}, unhandledPromptBehavior: dismiss and notify, webauthn:extension:credBlob: true, webauthn:extension:largeBlob: true, webauthn:extension:minPinLength: true, webauthn:extension:prf: true, webauthn:virtualAuthenticators: true}
Session ID: b5d24ffa82151fa613c9ac839a8566d1
*** Element info: {Using=id, value=ignorePositions}
at java.base/jdk.internal.reflect.NativeConstructorAccessorImpl.newInstance0(Native Method)
at java.base/jdk.internal.reflect.NativeConstructorAccessorImpl.newInstance(NativeConstructorAccessorImpl.java:64)
at java.base/jdk.internal.reflect.DelegatingConstructorAccessorImpl.newInstance(DelegatingConstructorAccessorImpl.java:45)
at java.base/java.lang.reflect.Constructor.newInstanceWithCaller(Constructor.java:500)
at java.base/java.lang.reflect.Constructor.newInstance(Constructor.java:481)
at org.openqa.selenium.remote.http.W3CHttpResponseCodec.createException(W3CHttpResponseCodec.java:187)
at org.openqa.selenium.remote.http.W3CHttpResponseCodec.decode(W3CHttpResponseCodec.java:122)
at org.openqa.selenium.remote.http.W3CHttpResponseCodec.decode(W3CHttpResponseCodec.java:49)
at org.openqa.selenium.remote.HttpCommandExecutor.execute(HttpCommandExecutor.java:158)
at org.openqa.selenium.remote.service.DriverCommandExecutor.execute(DriverCommandExecutor.java:83)
at org.openqa.selenium.remote.RemoteWebDriver.execute(RemoteWebDriver.java:552)
at org.openqa.selenium.remote.RemoteWebDriver.findElement(RemoteWebDriver.java:323)
at org.openqa.selenium.remote.RemoteWebDriver.findElementById(RemoteWebDriver.java:372)
at org.openqa.selenium.By$ById.findElement(By.java:188)
at org.openqa.selenium.remote.RemoteWebDriver.findElement(RemoteWebDriver.java:315)
at Execution.userAccessGroups.selectSearchEmployeesOnly(userAccessGroups.java:680)
at java.base/jdk.internal.reflect.NativeMethodAccessorImpl.invoke0(Native Method)
at java.base/jdk.internal.reflect.NativeMethodAccessorImpl.invoke(NativeMethodAccessorImpl.java:64)
at java.base/jdk.internal.reflect.DelegatingMethodAccessorImpl.invoke(DelegatingMethodAccessorImpl.java:43)
at java.base/java.lang.reflect.Method.invoke(Method.java:564)
at org.testng.internal.MethodInvocationHelper.invokeMethod(MethodInvocationHelper.java:133)
at org.testng.internal.TestInvoker.invokeMethod(TestInvoker.java:598)
at org.testng.internal.TestInvoker.invokeTestMethod(TestInvoker.java:173)
at org.testng.internal.MethodRunner.runInSequence(MethodRunner.java:46)
at org.testng.internal.TestInvoker$MethodInvocationAgent.invoke(TestInvoker.java:824)
at org.testng.internal.TestInvoker.invokeTestMethods(TestInvoker.java:146)
at org.testng.internal.TestMethodWorker.invokeTestMethods(TestMethodWorker.java:146)
at org.testng.internal.TestMethodWorker.run(TestMethodWorker.java:128)
at java.base/java.util.ArrayList.forEach(ArrayList.java:1511)
at org.testng.TestRunner.privateRun(TestRunner.java:794)
at org.testng.TestRunner.run(TestRunner.java:596)
at org.testng.SuiteRunner.runTest(SuiteRunner.java:377)
at org.testng.SuiteRunner.runSequentially(SuiteRunner.java:371)
at org.testng.SuiteRunner.privateRun(SuiteRunner.java:332)
at org.testng.SuiteRunner.run(SuiteRunner.java:276)
at org.testng.SuiteRunnerWorker.runSuite(SuiteRunnerWorker.java:53)
at org.testng.SuiteRunnerWorker.run(SuiteRunnerWorker.java:96)
at org.testng.TestNG.runSuitesSequentially(TestNG.java:1212)
at org.testng.TestNG.runSuitesLocally(TestNG.java:1134)
at org.testng.TestNG.runSuites(TestNG.java:1063)
at org.testng.TestNG.run(TestNG.java:1031)
at org.testng.remote.AbstractRemoteTestNG.run(AbstractRemoteTestNG.java:115)
at org.testng.remote.RemoteTestNG.initAndRun(RemoteTestNG.java:251)
at org.testng.remote.RemoteTestNG.main(RemoteTestNG.java:77)
]]>
    </error>
  </testcase> <!-- selectSearchEmployeesOnly -->
  <system-out/>
</testsuite> <!-- Execution.userAccessGroups -->
